Build started 10/19/2014 1:59:09 PM.
     1>Project "C:\Users\CurtisMJ1\Documents\Visual Studio 2012\Projects\WayOfThePaddle\WayOfThePaddle\pong-master\Planet.vcxproj" on node 2 (Build target(s)).
     1>ClCompile:
         C:\Program Files (x86)\Microsoft Visual Studio 11.0\VC\bin\CL.exe /c /I"C:\Program Files (x86)\Microsoft DirectX SDK (June 2010)\\Include" /ZI /nologo /W3 /WX- /Od /Oy- /D _MBCS /Gm /EHsc /RTC1 /MDd /GS /fp:precise /Zc:wchar_t /Zc:forScope /Fo"Debug\\" /Fd"Debug\vc110.pdb" /Gd /TP /analyze- /errorReport:prompt spacewar.cpp
         spacewar.cpp
     1>c:\users\curtismj1\documents\visual studio 2012\projects\wayofthepaddle\wayofthepaddle\pong-master\spacewar.cpp(42): warning C4305: 'argument' : truncation from 'double' to 'float'
     1>c:\users\curtismj1\documents\visual studio 2012\projects\wayofthepaddle\wayofthepaddle\pong-master\spacewar.cpp(54): warning C4244: 'argument' : conversion from 'const UINT' to 'float', possible loss of data
     1>c:\users\curtismj1\documents\visual studio 2012\projects\wayofthepaddle\wayofthepaddle\pong-master\spacewar.cpp(61): warning C4244: 'argument' : conversion from 'const UINT' to 'float', possible loss of data
     1>c:\users\curtismj1\documents\visual studio 2012\projects\wayofthepaddle\wayofthepaddle\pong-master\spacewar.cpp(126): warning C4244: 'argument' : conversion from 'int' to 'float', possible loss of data
     1>c:\users\curtismj1\documents\visual studio 2012\projects\wayofthepaddle\wayofthepaddle\pong-master\spacewar.cpp(128): warning C4244: 'argument' : conversion from 'int' to 'float', possible loss of data
       Link:
         C:\Program Files (x86)\Microsoft Visual Studio 11.0\VC\bin\link.exe /ERRORREPORT:PROMPT /OUT:"C:\Users\CurtisMJ1\Documents\Visual Studio 2012\Projects\WayOfThePaddle\WayOfThePaddle\pong-master\Debug\Planet.exe" /NOLOGO /LIBPATH:"C:\Program Files (x86)\Microsoft DirectX SDK (June 2010)\\Lib\x86" d3d9.lib d3dx9.lib winmm.lib xinput.lib xinput.lib kernel32.lib user32.lib gdi32.lib winspool.lib comdlg32.lib advapi32.lib shell32.lib ole32.lib oleaut32.lib uuid.lib odbc32.lib odbccp32.lib /MANIFEST /MANIFESTUAC:"level='asInvoker' uiAccess='false'" /manifest:embed /DEBUG /PDB:"C:\Users\CurtisMJ1\Documents\Visual Studio 2012\Projects\WayOfThePaddle\WayOfThePaddle\pong-master\Debug\Planet.pdb" /TLBID:1 /DYNAMICBASE /NXCOMPAT /IMPLIB:"C:\Users\CurtisMJ1\Documents\Visual Studio 2012\Projects\WayOfThePaddle\WayOfThePaddle\pong-master\Debug\Planet.lib" /MACHINE:X86 /SAFESEH Debug\audio.obj
         Debug\ball.obj
         Debug\entity.obj
         Debug\game.obj
         Debug\graphics.obj
         Debug\image.obj
         Debug\input.obj
         Debug\paddle.obj
         Debug\spacewar.obj
         Debug\text.obj
         Debug\textDX.obj
         Debug\textureManager.obj
         Debug\winmain.obj
         Planet.vcxproj -> C:\Users\CurtisMJ1\Documents\Visual Studio 2012\Projects\WayOfThePaddle\WayOfThePaddle\pong-master\Debug\Planet.exe
     1>Done Building Project "C:\Users\CurtisMJ1\Documents\Visual Studio 2012\Projects\WayOfThePaddle\WayOfThePaddle\pong-master\Planet.vcxproj" (Build target(s)).

Build succeeded.

Time Elapsed 00:00:07.45
