C:\USERS\SNYDERNA1\DROPBOX\GROVE CITY\CLASSES\GAMES 1\WAYOFTHEPADDLE\PONG-MASTER\DEBUG\AUDIO.OBJ
C:\USERS\SNYDERNA1\DROPBOX\GROVE CITY\CLASSES\GAMES 1\WAYOFTHEPADDLE\PONG-MASTER\DEBUG\GRAPHICS.OBJ
C:\USERS\SNYDERNA1\DROPBOX\GROVE CITY\CLASSES\GAMES 1\WAYOFTHEPADDLE\PONG-MASTER\DEBUG\VC110.PDB
C:\USERS\SNYDERNA1\DROPBOX\GROVE CITY\CLASSES\GAMES 1\WAYOFTHEPADDLE\PONG-MASTER\DEBUG\PADDLE.OBJ
C:\USERS\SNYDERNA1\DROPBOX\GROVE CITY\CLASSES\GAMES 1\WAYOFTHEPADDLE\PONG-MASTER\DEBUG\SPACEWAR.OBJ
C:\USERS\SNYDERNA1\DROPBOX\GROVE CITY\CLASSES\GAMES 1\WAYOFTHEPADDLE\PONG-MASTER\DEBUG\INPUT.OBJ
C:\USERS\SNYDERNA1\DROPBOX\GROVE CITY\CLASSES\GAMES 1\WAYOFTHEPADDLE\PONG-MASTER\DEBUG\BALL.OBJ
C:\USERS\SNYDERNA1\DROPBOX\GROVE CITY\CLASSES\GAMES 1\WAYOFTHEPADDLE\PONG-MASTER\DEBUG\ENTITY.OBJ
C:\USERS\SNYDERNA1\DROPBOX\GROVE CITY\CLASSES\GAMES 1\WAYOFTHEPADDLE\PONG-MASTER\DEBUG\GAME.OBJ
C:\USERS\SNYDERNA1\DROPBOX\GROVE CITY\CLASSES\GAMES 1\WAYOFTHEPADDLE\PONG-MASTER\DEBUG\IMAGE.OBJ
C:\USERS\SNYDERNA1\DROPBOX\GROVE CITY\CLASSES\GAMES 1\WAYOFTHEPADDLE\PONG-MASTER\DEBUG\TEXT.OBJ
C:\USERS\SNYDERNA1\DROPBOX\GROVE CITY\CLASSES\GAMES 1\WAYOFTHEPADDLE\PONG-MASTER\DEBUG\TEXTDX.OBJ
C:\USERS\SNYDERNA1\DROPBOX\GROVE CITY\CLASSES\GAMES 1\WAYOFTHEPADDLE\PONG-MASTER\DEBUG\TEXTUREMANAGER.OBJ
C:\USERS\SNYDERNA1\DROPBOX\GROVE CITY\CLASSES\GAMES 1\WAYOFTHEPADDLE\PONG-MASTER\DEBUG\WINMAIN.OBJ
C:\USERS\SNYDERNA1\DROPBOX\GROVE CITY\CLASSES\GAMES 1\WAYOFTHEPADDLE\PONG-MASTER\DEBUG\PLANET.ILK
C:\USERS\SNYDERNA1\DROPBOX\GROVE CITY\CLASSES\GAMES 1\WAYOFTHEPADDLE\PONG-MASTER\DEBUG\PLANET.EXE
C:\USERS\SNYDERNA1\DROPBOX\GROVE CITY\CLASSES\GAMES 1\WAYOFTHEPADDLE\PONG-MASTER\DEBUG\PLANET.PDB
C:\Users\snyderna1\Dropbox\Grove City\Classes\Games 1\WayOfThePaddle\pong-master\Debug\audio.obj
C:\Users\snyderna1\Dropbox\Grove City\Classes\Games 1\WayOfThePaddle\pong-master\Debug\ball.obj
C:\Users\snyderna1\Dropbox\Grove City\Classes\Games 1\WayOfThePaddle\pong-master\Debug\entity.obj
C:\Users\snyderna1\Dropbox\Grove City\Classes\Games 1\WayOfThePaddle\pong-master\Debug\game.obj
C:\Users\snyderna1\Dropbox\Grove City\Classes\Games 1\WayOfThePaddle\pong-master\Debug\graphics.obj
C:\Users\snyderna1\Dropbox\Grove City\Classes\Games 1\WayOfThePaddle\pong-master\Debug\image.obj
C:\Users\snyderna1\Dropbox\Grove City\Classes\Games 1\WayOfThePaddle\pong-master\Debug\input.obj
C:\Users\snyderna1\Dropbox\Grove City\Classes\Games 1\WayOfThePaddle\pong-master\Debug\paddle.obj
C:\Users\snyderna1\Dropbox\Grove City\Classes\Games 1\WayOfThePaddle\pong-master\Debug\spacewar.obj
C:\Users\snyderna1\Dropbox\Grove City\Classes\Games 1\WayOfThePaddle\pong-master\Debug\text.obj
C:\Users\snyderna1\Dropbox\Grove City\Classes\Games 1\WayOfThePaddle\pong-master\Debug\textDX.obj
C:\Users\snyderna1\Dropbox\Grove City\Classes\Games 1\WayOfThePaddle\pong-master\Debug\textureManager.obj
C:\Users\snyderna1\Dropbox\Grove City\Classes\Games 1\WayOfThePaddle\pong-master\Debug\winmain.obj
C:\Users\snyderna1\Dropbox\Grove City\Classes\Games 1\WayOfThePaddle\pong-master\Debug\Planet.ilk
C:\Users\snyderna1\Dropbox\Grove City\Classes\Games 1\WayOfThePaddle\pong-master\Debug\cl.command.1.tlog
C:\Users\snyderna1\Dropbox\Grove City\Classes\Games 1\WayOfThePaddle\pong-master\Debug\CL.read.1.tlog
C:\Users\snyderna1\Dropbox\Grove City\Classes\Games 1\WayOfThePaddle\pong-master\Debug\CL.write.1.tlog
C:\Users\snyderna1\Dropbox\Grove City\Classes\Games 1\WayOfThePaddle\pong-master\Debug\link-cvtres.read.1.tlog
C:\Users\snyderna1\Dropbox\Grove City\Classes\Games 1\WayOfThePaddle\pong-master\Debug\link-cvtres.write.1.tlog
C:\Users\snyderna1\Dropbox\Grove City\Classes\Games 1\WayOfThePaddle\pong-master\Debug\link-rc.read.1.tlog
C:\Users\snyderna1\Dropbox\Grove City\Classes\Games 1\WayOfThePaddle\pong-master\Debug\link-rc.write.1.tlog
C:\Users\snyderna1\Dropbox\Grove City\Classes\Games 1\WayOfThePaddle\pong-master\Debug\link.command.1.tlog
C:\Users\snyderna1\Dropbox\Grove City\Classes\Games 1\WayOfThePaddle\pong-master\Debug\link.read.1.tlog
C:\Users\snyderna1\Dropbox\Grove City\Classes\Games 1\WayOfThePaddle\pong-master\Debug\link.write.1.tlog
C:\Users\snyderna1\Dropbox\Grove City\Classes\Games 1\WayOfThePaddle\pong-master\Debug\vc110.idb
C:\Users\snyderna1\Dropbox\Grove City\Classes\Games 1\WayOfThePaddle\pong-master\Debug\Planet.pdb
C:\Users\snyderna1\Dropbox\Grove City\Classes\Games 1\WayOfThePaddle\pong-master\Debug\vc110.pdb
C:\Users\snyderna1\Dropbox\Grove City\Classes\Games 1\WayOfThePaddle\pong-master\Debug\Planet.exe
